<?xml version="1.0" encoding="UTF-8"?>
<!-- Generated by org.testng.reporters.JUnitReportReporter -->
<testsuite skipped="0" hostname="LAPTOP-CJI9MD43" name="MagentoTest" tests="1" failures="0" timestamp="13 Oct 2018 06:11:19 GMT" time="107.509" errors="0">
  <testcase name="first" time="107.509" classname="MagentoTest"/>
</testsuite> <!-- MagentoTest -->
